# JRE version: Java(TM) SE Runtime Environment (8.0_111-b14) (build 1.8.0_111-b14)
# Java VM: Java HotSpot(TM) 64-Bit Server VM (25.111-b14 mixed mode windows-amd64 compressed oops)
Heap:
 PSYoungGen      total 391680K, used 260052K [0x00000000d5d00000, 0x00000000f6d00000, 0x0000000100000000)
  eden space 389632K, 66% used [0x00000000d5d00000,0x00000000e5acd170,0x00000000ed980000)
  from space 2048K, 7% used [0x00000000f6900000,0x00000000f6928000,0x00000000f6b00000)
  to   space 2048K, 0% used [0x00000000f6b00000,0x00000000f6b00000,0x00000000f6d00000)
 ParOldGen       total 87552K, used 30638K [0x0000000081600000, 0x0000000086b80000, 0x00000000d5d00000)
  object space 87552K, 34% used [0x0000000081600000,0x00000000833ebb60,0x0000000086b80000)
 Metaspace       used 20187K, capacity 20434K, committed 20736K, reserved 1067008K
  class space    used 2421K, capacity 2517K, committed 2560K, reserved 1048576K
GC Heap History (10 events):
Event: 43.261 GC heap before
{Heap before GC invocations=43 (full 0):
 PSYoungGen      total 143872K, used 143392K [0x00000000d5d00000, 0x00000000f7080000, 0x0000000100000000)
  eden space 143360K, 100% used [0x00000000d5d00000,0x00000000de900000,0x00000000de900000)
  from space 512K, 6% used [0x00000000f7000000,0x00000000f7008000,0x00000000f7080000)
  to   space 3072K, 0% used [0x00000000f6a80000,0x00000000f6a80000,0x00000000f6d80000)
 ParOldGen       total 87552K, used 30622K [0x0000000081600000, 0x0000000086b80000, 0x00000000d5d00000)
  object space 87552K, 34% used [0x0000000081600000,0x00000000833e7b60,0x0000000086b80000)
 Metaspace       used 20030K, capacity 20294K, committed 20480K, reserved 1067008K
  class space    used 2418K, capacity 2515K, committed 2560K, reserved 1048576K
Event: 43.262 GC heap after
Heap after GC invocations=43 (full 0):
 PSYoungGen      total 178176K, used 32K [0x00000000d5d00000, 0x00000000f7080000, 0x0000000100000000)
  eden space 175104K, 0% used [0x00000000d5d00000,0x00000000d5d00000,0x00000000e0800000)
  from space 3072K, 1% used [0x00000000f6a80000,0x00000000f6a88000,0x00000000f6d80000)
  to   space 2560K, 0% used [0x00000000f6e00000,0x00000000f6e00000,0x00000000f7080000)
 ParOldGen       total 87552K, used 30630K [0x0000000081600000, 0x0000000086b80000, 0x00000000d5d00000)
  object space 87552K, 34% used [0x0000000081600000,0x00000000833e9b60,0x0000000086b80000)
 Metaspace       used 20030K, capacity 20294K, committed 20480K, reserved 1067008K
  class space    used 2418K, capacity 2515K, committed 2560K, reserved 1048576K
}
Event: 43.536 GC heap before
{Heap before GC invocations=44 (full 0):
 PSYoungGen      total 178176K, used 175136K [0x00000000d5d00000, 0x00000000f7080000, 0x0000000100000000)
  eden space 175104K, 100% used [0x00000000d5d00000,0x00000000e0800000,0x00000000e0800000)
  from space 3072K, 1% used [0x00000000f6a80000,0x00000000f6a88000,0x00000000f6d80000)
  to   space 2560K, 0% used [0x00000000f6e00000,0x00000000f6e00000,0x00000000f7080000)
 ParOldGen       total 87552K, used 30630K [0x0000000081600000, 0x0000000086b80000, 0x00000000d5d00000)
  object space 87552K, 34% used [0x0000000081600000,0x00000000833e9b60,0x0000000086b80000)
 Metaspace       used 20030K, capacity 20294K, committed 20480K, reserved 1067008K
  class space    used 2418K, capacity 2515K, committed 2560K, reserved 1048576K
Event: 43.551 GC heap after
Heap after GC invocations=44 (full 0):
 PSYoungGen      total 214528K, used 32K [0x00000000d5d00000, 0x00000000f6e80000, 0x0000000100000000)
  eden space 214016K, 0% used [0x00000000d5d00000,0x00000000d5d00000,0x00000000e2e00000)
  from space 512K, 6% used [0x00000000f6e00000,0x00000000f6e08000,0x00000000f6e80000)
  to   space 2560K, 0% used [0x00000000f6980000,0x00000000f6980000,0x00000000f6c00000)
 ParOldGen       total 87552K, used 30630K [0x0000000081600000, 0x0000000086b80000, 0x00000000d5d00000)
  object space 87552K, 34% used [0x0000000081600000,0x00000000833e9b60,0x0000000086b80000)
 Metaspace       used 20030K, capacity 20294K, committed 20480K, reserved 1067008K
  class space    used 2418K, capacity 2515K, committed 2560K, reserved 1048576K
}
Event: 43.947 GC heap before
{Heap before GC invocations=45 (full 0):
 PSYoungGen      total 214528K, used 214048K [0x00000000d5d00000, 0x00000000f6e80000, 0x0000000100000000)
  eden space 214016K, 100% used [0x00000000d5d00000,0x00000000e2e00000,0x00000000e2e00000)
  from space 512K, 6% used [0x00000000f6e00000,0x00000000f6e08000,0x00000000f6e80000)
  to   space 2560K, 0% used [0x00000000f6980000,0x00000000f6980000,0x00000000f6c00000)
 ParOldGen       total 87552K, used 30630K [0x0000000081600000, 0x0000000086b80000, 0x00000000d5d00000)
  object space 87552K, 34% used [0x0000000081600000,0x00000000833e9b60,0x0000000086b80000)
 Metaspace       used 20030K, capacity 20294K, committed 20480K, reserved 1067008K
  class space    used 2418K, capacity 2515K, committed 2560K, reserved 1048576K
Event: 43.948 GC heap after
Heap after GC invocations=45 (full 0):
 PSYoungGen      total 263680K, used 32K [0x00000000d5d00000, 0x00000000f6e80000, 0x0000000100000000)
  eden space 261120K, 0% used [0x00000000d5d00000,0x00000000d5d00000,0x00000000e5c00000)
  from space 2560K, 1% used [0x00000000f6980000,0x00000000f6988000,0x00000000f6c00000)
  to   space 2048K, 0% used [0x00000000f6c80000,0x00000000f6c80000,0x00000000f6e80000)
 ParOldGen       total 87552K, used 30630K [0x0000000081600000, 0x0000000086b80000, 0x00000000d5d00000)
  object space 87552K, 34% used [0x0000000081600000,0x00000000833e9b60,0x0000000086b80000)
 Metaspace       used 20030K, capacity 20294K, committed 20480K, reserved 1067008K
  class space    used 2418K, capacity 2515K, committed 2560K, reserved 1048576K
}
Event: 44.417 GC heap before
{Heap before GC invocations=46 (full 0):
 PSYoungGen      total 263680K, used 261152K [0x00000000d5d00000, 0x00000000f6e80000, 0x0000000100000000)
  eden space 261120K, 100% used [0x00000000d5d00000,0x00000000e5c00000,0x00000000e5c00000)
  from space 2560K, 1% used [0x00000000f6980000,0x00000000f6988000,0x00000000f6c00000)
  to   space 2048K, 0% used [0x00000000f6c80000,0x00000000f6c80000,0x00000000f6e80000)
 ParOldGen       total 87552K, used 30630K [0x0000000081600000, 0x0000000086b80000, 0x00000000d5d00000)
  object space 87552K, 34% used [0x0000000081600000,0x00000000833e9b60,0x0000000086b80000)
 Metaspace       used 20030K, capacity 20294K, committed 20480K, reserved 1067008K
  class space    used 2418K, capacity 2515K, committed 2560K, reserved 1048576K
Event: 44.418 GC heap after
Heap after GC invocations=46 (full 0):
 PSYoungGen      total 319488K, used 64K [0x00000000d5d00000, 0x00000000f6d00000, 0x0000000100000000)
  eden space 318976K, 0% used [0x00000000d5d00000,0x00000000d5d00000,0x00000000e9480000)
  from space 512K, 12% used [0x00000000f6c80000,0x00000000f6c90000,0x00000000f6d00000)
  to   space 2048K, 0% used [0x00000000f6900000,0x00000000f6900000,0x00000000f6b00000)
 ParOldGen       total 87552K, used 30630K [0x0000000081600000, 0x0000000086b80000, 0x00000000d5d00000)
  object space 87552K, 34% used [0x0000000081600000,0x00000000833e9b60,0x0000000086b80000)
 Metaspace       used 20030K, capacity 20294K, committed 20480K, reserved 1067008K
  class space    used 2418K, capacity 2515K, committed 2560K, reserved 1048576K
}
Event: 44.948 GC heap before
{Heap before GC invocations=47 (full 0):
 PSYoungGen      total 319488K, used 319040K [0x00000000d5d00000, 0x00000000f6d00000, 0x0000000100000000)
  eden space 318976K, 100% used [0x00000000d5d00000,0x00000000e9480000,0x00000000e9480000)
  from space 512K, 12% used [0x00000000f6c80000,0x00000000f6c90000,0x00000000f6d00000)
  to   space 2048K, 0% used [0x00000000f6900000,0x00000000f6900000,0x00000000f6b00000)
 ParOldGen       total 87552K, used 30630K [0x0000000081600000, 0x0000000086b80000, 0x00000000d5d00000)
  object space 87552K, 34% used [0x0000000081600000,0x00000000833e9b60,0x0000000086b80000)
 Metaspace       used 20032K, capacity 20358K, committed 20480K, reserved 1067008K
  class space    used 2418K, capacity 2515K, committed 2560K, reserved 1048576K
Event: 44.948 GC heap after
Heap after GC invocations=47 (full 0):
 PSYoungGen      total 391680K, used 160K [0x00000000d5d00000, 0x00000000f6d00000, 0x0000000100000000)
  eden space 389632K, 0% used [0x00000000d5d00000,0x00000000d5d00000,0x00000000ed980000)
  from space 2048K, 7% used [0x00000000f6900000,0x00000000f6928000,0x00000000f6b00000)
  to   space 2048K, 0% used [0x00000000f6b00000,0x00000000f6b00000,0x00000000f6d00000)
 ParOldGen       total 87552K, used 30638K [0x0000000081600000, 0x0000000086b80000, 0x00000000d5d00000)
  object space 87552K, 34% used [0x0000000081600000,0x00000000833ebb60,0x0000000086b80000)
 Metaspace       used 20032K, capacity 20358K, committed 20480K, reserved 1067008K
  class space    used 2418K, capacity 2515K, committed 2560K, reserved 1048576K
}

